<?xml version="1.0" encoding="UTF-8"?>
<!-- Generated by org.testng.reporters.JUnitXMLReporter -->
<testsuite ignored="0" hostname="PAYAL" failures="0" tests="2" name="Default test" time="0.235" errors="0" timestamp="2021-08-04T22:33:53 IST">
  <testcase classname="test.TestClass" name="@BeforeTest launchBrowser" time="-1.628096632926E9">
    <failure type="org.testng.TestNGException" message="
Parameter &amp;apos;browser&amp;apos; is required by BeforeTest on method launchBrowser but has not been marked @Optional or defined
in C:\Users\Mr Amit\AppData\Local\Temp\testng-eclipse--1427671289\testng-customsuite.xml">
      <![CDATA[org.testng.TestNGException: 
Parameter 'browser' is required by BeforeTest on method launchBrowser but has not been marked @Optional or defined
in C:\Users\Mr Amit\AppData\Local\Temp\testng-eclipse--1427671289\testng-customsuite.xml
at org.testng.internal.Parameters.createParams(Parameters.java:270)
at org.testng.internal.Parameters.createParametersForMethod(Parameters.java:358)
at org.testng.internal.Parameters.createParameters(Parameters.java:700)
at org.testng.internal.Parameters.createConfigurationParameters(Parameters.java:168)
at org.testng.internal.ConfigInvoker.invokeConfigurations(ConfigInvoker.java:302)
at org.testng.TestRunner.invokeTestConfigurations(TestRunner.java:637)
at org.testng.TestRunner.beforeRun(TestRunner.java:627)
at org.testng.TestRunner.run(TestRunner.java:589)
at org.testng.SuiteRunner.runTest(SuiteRunner.java:377)
at org.testng.SuiteRunner.runSequentially(SuiteRunner.java:371)
at org.testng.SuiteRunner.privateRun(SuiteRunner.java:332)
at org.testng.SuiteRunner.run(SuiteRunner.java:276)
at org.testng.SuiteRunnerWorker.runSuite(SuiteRunnerWorker.java:53)
at org.testng.SuiteRunnerWorker.run(SuiteRunnerWorker.java:96)
at org.testng.TestNG.runSuitesSequentially(TestNG.java:1212)
at org.testng.TestNG.runSuitesLocally(TestNG.java:1134)
at org.testng.TestNG.runSuites(TestNG.java:1063)
at org.testng.TestNG.run(TestNG.java:1031)
at org.testng.remote.AbstractRemoteTestNG.run(AbstractRemoteTestNG.java:115)
at org.testng.remote.RemoteTestNG.initAndRun(RemoteTestNG.java:251)
at org.testng.remote.RemoteTestNG.main(RemoteTestNG.java:77)
]]>
    </failure>
  </testcase> <!-- @BeforeTest launchBrowser -->
  <testcase classname="test.TestClass" name="@BeforeClass setproperty" time="-1.628096633017E9">
    <skipped/>
  </testcase> <!-- @BeforeClass setproperty -->
  <testcase classname="test.TestClass" name="@BeforeMethod loginpage" time="-1.628096633065E9">
    <skipped/>
  </testcase> <!-- @BeforeMethod loginpage -->
  <testcase classname="test.TestClass" name="@AfterMethod logout" time="-1.628096633103E9">
    <skipped/>
  </testcase> <!-- @AfterMethod logout -->
  <testcase classname="test.TestClass" name="@BeforeMethod loginpage" time="-1.62809663312E9">
    <skipped/>
  </testcase> <!-- @BeforeMethod loginpage -->
  <testcase classname="test.TestClass" name="@AfterMethod logout" time="-1.628096633133E9">
    <skipped/>
  </testcase> <!-- @AfterMethod logout -->
  <testcase classname="test.TestClass" name="@AfterClass close" time="-1.628096633138E9">
    <skipped/>
  </testcase> <!-- @AfterClass close -->
  <testcase classname="test.TestClass" name="@AfterTest closebrowser" time="-1.628096633141E9">
    <skipped/>
  </testcase> <!-- @AfterTest closebrowser -->
  <testcase classname="test.TestClass" name="amazonpay" time="0.0">
    <skipped/>
  </testcase> <!-- amazonpay -->
  <testcase classname="test.TestClass" name="homeimproement" time="0.0">
    <skipped/>
  </testcase> <!-- homeimproement -->
</testsuite> <!-- Default test -->
